<?xml version="1.0" encoding="UTF-8"?>
<!-- Generated by org.testng.reporters.JUnitXMLReporter -->
<testsuite ignored="0" hostname="Alis-MacBook-Pro.local" failures="0" tests="2" name="Landing to Login page and login" time="13.04" errors="0" timestamp="2020-12-25T20:09:34 CET">
  <testcase classname="InarAcademy.E2Eproject.HomePage" name="basePageNavigation" time="11.095"/>
  <testcase classname="InarAcademy.E2Eproject.HomePage" name="basePageNavigation" time="1.864"/>
</testsuite> <!-- Landing to Login page and login -->
