<?xml version="1.0" encoding="UTF-8"?>
<!-- Generated by org.testng.reporters.JUnitXMLReporter -->
<testsuite ignored="0" hostname="Alis-MacBook-Pro.local" failures="0" tests="4" name="Test" time="18.211" errors="0" timestamp="2020-12-25T05:39:56 CET">
  <testcase classname="InarAcademy.E2Eproject.HomePage" name="basePageNavigation" time="6.24"/>
  <testcase classname="InarAcademy.E2Eproject.HomePage" name="basePageNavigation" time="1.553"/>
  <testcase classname="InarAcademy.E2Eproject.TestTitle" name="basePageNavigation" time="3.953"/>
  <testcase classname="InarAcademy.E2Eproject.NavigatorBarIsDisplayed" name="basePageNavigation" time="6.259"/>
</testsuite> <!-- Test -->
