<?xml version="1.0" encoding="UTF-8"?>
<!-- Generated by org.testng.reporters.JUnitXMLReporter -->
<testsuite ignored="0" hostname="Alis-MacBook-Pro.local" failures="0" tests="2" name="Landing to Login page and login" time="14.776" errors="0" timestamp="2020-12-28T17:31:25 CET">
  <testcase classname="InarAcademy.E2Eproject.HomePage" name="basePageNavigation" time="9.82"/>
  <testcase classname="InarAcademy.E2Eproject.HomePage" name="basePageNavigation" time="4.831"/>
</testsuite> <!-- Landing to Login page and login -->
