<?xml version="1.0" encoding="UTF-8"?>
<!-- Generated by org.testng.reporters.JUnitXMLReporter -->
<testsuite ignored="0" hostname="Alis-MacBook-Pro.local" failures="0" tests="4" name="Test" time="18.847" errors="0" timestamp="2020-12-25T05:37:37 CET">
  <testcase classname="InarAcademy.E2Eproject.HomePage" name="basePageNavigation" time="6.639"/>
  <testcase classname="InarAcademy.E2Eproject.HomePage" name="basePageNavigation" time="1.899"/>
  <testcase classname="InarAcademy.E2Eproject.TestTitle" name="basePageNavigation" time="4.268"/>
  <testcase classname="InarAcademy.E2Eproject.NavigatorBarIsDisplayed" name="basePageNavigation" time="5.839"/>
</testsuite> <!-- Test -->
