<?xml version="1.0" encoding="UTF-8"?>
<testsuite xmlns:xsi="http://www.w3.org/2001/XMLSchema-instance" xsi:noNamespaceSchemaLocation="https://maven.apache.org/surefire/maven-surefire-plugin/xsd/surefire-test-report-3.0.xsd" version="3.0" name="TestSuite" time="11.862" tests="4" errors="0" skipped="0" failures="0">
  <properties>
[...]
</properties>
  <testcase name="basePageNavigation" classname="InarAcademy.E2Eproject.TestTitle" time="7.293">
    <system-out><![CDATA[Title : FEATURED COURSES
]]></system-out>
    <system-err><![CDATA[SSStttaaarrrtttiininggn  gC hCrhomreoDmrievDerri 8vC7e.hr0r .o84m72e8.D00.r2.i0v 4e(2rc890 897.e0..84212068 03(1.c2f9a0 a90(ebc2998e1683116f3a1fa0aba20ba424a84e468e5685c80c0dadbd48b43d811e6f58b8034c1d01ddfbbd-refs/bbrd8a3nc11hf-heb0a40ddsd4/bdd4d2-b8rde-fr0esf/sb@/r{b#arn3ac5nh5}-)h eaodns /p4ocr2ht8- 0h@3e5{a#4d38s59/5
O}4)n2 l8oy0n @ l{op#co3ra5tl5  }c2)1on7 no9n8e 
cpOtonirloty  n1ls8o 9ca8ar1el
  Ocanlollnyon ewlocectdai.l
o nPcslo enaanserece t sieoean shl alrotew etadpl.l
soP:wlee/da.s
/ePc lhseraeosemee d hrsitevteep rsh.:t/tc/phscr:horm/o/imchuermod.romiregve/rsecdriver.c.hcrhomium.rorogm/isuemc.uorrigt/ys-eccounrsiitdye-rcaotnisoindse rfaotri osnusg gfeosrt isoungsg eons tkieoenpsi nogn  ChromeDrivkeeurer pisitanygf-ec .o
CnhsriodmeerDraitvieons forr  ssuagfgee.s
tions on keeping ChromeDriver safe.
CChhrroommeeDDrCrihivrveoemrr e wDwaras sis vtaesrrt taewrda tsseu dcc sestssfuaucrllcyte.es
dsf suulclcy.e
ssfully.
Dec 25, 2020 10:26:57 PM org.openqa.selenium.remote.ProtocolHandshake createSession
INFO: Detected dialect: W3C
Dec 25, 2020 10:26:57 PM org.openqa.selenium.remote.ProtocolHandshake createSession
INFO: Detected dialect: W3C
Dec 25, 2020 10:26:57 PM org.openqa.selenium.remote.ProtocolHandshake createSession
INFO: Detected dialect: W3C
]]></system-err>
  </testcase>
  <testcase name="basePageNavigation" classname="InarAcademy.E2Eproject.NavigatorBarIsDisplayed" time="8.744"/>
  <testcase name="basePageNavigation[nonrestiricUser@gmail.com, 12313](1)" classname="InarAcademy.E2Eproject.HomePage" time="9.088"/>
  <testcase name="basePageNavigation[restiricUser@gmail.com, 12345](2)" classname="InarAcademy.E2Eproject.HomePage" time="1.686"/>
</testsuite>